<?xml version="1.0" encoding="UTF-8"?>
<robot generator="Robot 7.3.2 (Python 3.13.12 on win32)" generated="2026-03-08T23:25:45.986775" rpa="false" schemaversion="5">
<suite id="s1" name="Crm" source="C:\Samad\Robot-FW\CrmSitePython\Tests\Crm.robot">
<test id="s1-t1" name="LogIn" line="20">
<kw name="Begin Web Test" owner="Common" type="SETUP">
<kw name="Open Browser" owner="SeleniumLibrary">
<msg time="2026-03-08T23:25:46.726191" level="INFO">Opening browser 'headlesschrome' to base url 'about:Blank'.</msg>
<arg>about:Blank</arg>
<arg>${BROWSER}</arg>
<doc>Opens a new browser instance to the optional ``url``.</doc>
<status status="PASS" start="2026-03-08T23:25:46.725657" elapsed="3.331810"/>
</kw>
<kw name="Maximize Browser Window" owner="SeleniumLibrary">
<doc>Maximizes current browser window.</doc>
<status status="PASS" start="2026-03-08T23:25:50.058073" elapsed="0.038385"/>
</kw>
<status status="PASS" start="2026-03-08T23:25:46.724513" elapsed="3.372150"/>
</kw>
<kw name="Open Webpage" owner="CRMsite">
<kw name="Load Page" owner="Landingpage">
<kw name="Go To" owner="SeleniumLibrary">
<msg time="2026-03-08T23:25:50.098541" level="INFO">Opening url 'https://automationplayground.com/crm'</msg>
<arg>${URL}</arg>
<doc>Navigates the current browser window to the provided ``url``.</doc>
<status status="PASS" start="2026-03-08T23:25:50.098337" elapsed="1.869532"/>
</kw>
<status status="PASS" start="2026-03-08T23:25:50.097991" elapsed="1.870162"/>
</kw>
<kw name="Verify Page Loaded" owner="Landingpage">
<kw name="Page Should Contain" owner="SeleniumLibrary">
<msg time="2026-03-08T23:25:52.000246" level="INFO">Current page contains text 'Customers Are Priority One!'.</msg>
<arg>Customers Are Priority One!</arg>
<doc>Verifies that current page contains ``text``.</doc>
<status status="PASS" start="2026-03-08T23:25:51.969206" elapsed="0.031215"/>
</kw>
<status status="PASS" start="2026-03-08T23:25:51.968551" elapsed="0.032186"/>
</kw>
<status status="PASS" start="2026-03-08T23:25:50.097460" elapsed="1.903367"/>
</kw>
<kw name="LogIn" owner="CRMsite">
<kw name="Signin" owner="Navbar">
<kw name="Click Link" owner="SeleniumLibrary">
<msg time="2026-03-08T23:25:52.003078" level="INFO">Clicking link 'xpath=//*[text()="Sign In"]'.</msg>
<arg>${SignInLink}</arg>
<doc>Clicks a link identified by ``locator``.</doc>
<status status="PASS" start="2026-03-08T23:25:52.002518" elapsed="0.885017"/>
</kw>
<status status="PASS" start="2026-03-08T23:25:52.002222" elapsed="0.885506"/>
</kw>
<kw name="Verify Signin Page" owner="Navbar">
<kw name="Page Should Contain" owner="SeleniumLibrary">
<msg time="2026-03-08T23:25:52.916819" level="INFO">Current page contains text 'Login'.</msg>
<arg>Login</arg>
<doc>Verifies that current page contains ``text``.</doc>
<status status="PASS" start="2026-03-08T23:25:52.888467" elapsed="0.028594"/>
</kw>
<status status="PASS" start="2026-03-08T23:25:52.888026" elapsed="0.029217"/>
</kw>
<kw name="Input Creds" owner="LoginPage">
<kw name="Input Text" owner="SeleniumLibrary">
<msg time="2026-03-08T23:25:52.918517" level="INFO">Typing text 'samad@vmware.com' into text field 'id=email-id'.</msg>
<arg>${EmailInput}</arg>
<arg>${Email}</arg>
<doc>Types the given ``text`` into the text field identified by ``locator``.</doc>
<status status="PASS" start="2026-03-08T23:25:52.918124" elapsed="0.218828"/>
</kw>
<kw name="Input Text" owner="SeleniumLibrary">
<msg time="2026-03-08T23:25:53.137748" level="INFO">Typing text 'Samad@7203v12' into text field 'xpath=//*[@id="password"]'.</msg>
<arg>${PassInput}</arg>
<arg>${Password}</arg>
<doc>Types the given ``text`` into the text field identified by ``locator``.</doc>
<status status="PASS" start="2026-03-08T23:25:53.137289" elapsed="0.218153"/>
</kw>
<status status="PASS" start="2026-03-08T23:25:52.917641" elapsed="0.438001"/>
</kw>
<kw name="Submit Login" owner="LoginPage">
<kw name="Click Button" owner="SeleniumLibrary">
<msg time="2026-03-08T23:25:53.356947" level="INFO">Clicking button 'id=submit-id'.</msg>
<arg>id=submit-id</arg>
<doc>Clicks the button identified by ``locator``.</doc>
<status status="PASS" start="2026-03-08T23:25:53.356633" elapsed="0.491424"/>
</kw>
<status status="PASS" start="2026-03-08T23:25:53.355942" elapsed="0.492366"/>
</kw>
<kw name="Verify Login" owner="LoginPage">
<kw name="Wait Until Page Contains" owner="SeleniumLibrary">
<arg>Our Happy Customers</arg>
<doc>Waits until ``text`` appears on the current page.</doc>
<status status="PASS" start="2026-03-08T23:25:53.849375" elapsed="0.146635"/>
</kw>
<status status="PASS" start="2026-03-08T23:25:53.848687" elapsed="0.147521"/>
</kw>
<status status="PASS" start="2026-03-08T23:25:52.001689" elapsed="1.994602"/>
</kw>
<kw name="End Web Test" owner="Common" type="TEARDOWN">
<kw name="Close Browser" owner="SeleniumLibrary">
<doc>Closes the current browser.</doc>
<status status="PASS" start="2026-03-08T23:25:53.997580" elapsed="2.476711"/>
</kw>
<status status="PASS" start="2026-03-08T23:25:53.997081" elapsed="2.477523"/>
</kw>
<doc>This some basic Info about suite</doc>
<tag>Signin</tag>
<status status="PASS" start="2026-03-08T23:25:46.722306" elapsed="9.752794"/>
</test>
<test id="s1-t2" name="Customer creation" line="26">
<kw name="Begin Web Test" owner="Common" type="SETUP">
<kw name="Open Browser" owner="SeleniumLibrary">
<msg time="2026-03-08T23:25:56.479803" level="INFO">Opening browser 'headlesschrome' to base url 'about:Blank'.</msg>
<arg>about:Blank</arg>
<arg>${BROWSER}</arg>
<doc>Opens a new browser instance to the optional ``url``.</doc>
<status status="PASS" start="2026-03-08T23:25:56.479126" elapsed="3.349424"/>
</kw>
<kw name="Maximize Browser Window" owner="SeleniumLibrary">
<doc>Maximizes current browser window.</doc>
<status status="PASS" start="2026-03-08T23:25:59.828836" elapsed="0.037303"/>
</kw>
<status status="PASS" start="2026-03-08T23:25:56.478455" elapsed="3.387844"/>
</kw>
<kw name="Open Webpage" owner="CRMsite">
<kw name="Load Page" owner="Landingpage">
<kw name="Go To" owner="SeleniumLibrary">
<msg time="2026-03-08T23:25:59.867943" level="INFO">Opening url 'https://automationplayground.com/crm'</msg>
<arg>${URL}</arg>
<doc>Navigates the current browser window to the provided ``url``.</doc>
<status status="PASS" start="2026-03-08T23:25:59.867735" elapsed="1.169901"/>
</kw>
<status status="PASS" start="2026-03-08T23:25:59.867383" elapsed="1.170548"/>
</kw>
<kw name="Verify Page Loaded" owner="Landingpage">
<kw name="Page Should Contain" owner="SeleniumLibrary">
<msg time="2026-03-08T23:26:01.661267" level="INFO">Current page contains text 'Customers Are Priority One!'.</msg>
<arg>Customers Are Priority One!</arg>
<doc>Verifies that current page contains ``text``.</doc>
<status status="PASS" start="2026-03-08T23:26:01.038960" elapsed="0.622482"/>
</kw>
<status status="PASS" start="2026-03-08T23:26:01.038275" elapsed="0.623390"/>
</kw>
<status status="PASS" start="2026-03-08T23:25:59.866873" elapsed="1.794905"/>
</kw>
<kw name="LogIn" owner="CRMsite">
<kw name="Signin" owner="Navbar">
<kw name="Click Link" owner="SeleniumLibrary">
<msg time="2026-03-08T23:26:01.663655" level="INFO">Clicking link 'xpath=//*[text()="Sign In"]'.</msg>
<arg>${SignInLink}</arg>
<doc>Clicks a link identified by ``locator``.</doc>
<status status="PASS" start="2026-03-08T23:26:01.663258" elapsed="0.830725"/>
</kw>
<status status="PASS" start="2026-03-08T23:26:01.662894" elapsed="0.831239"/>
</kw>
<kw name="Verify Signin Page" owner="Navbar">
<kw name="Page Should Contain" owner="SeleniumLibrary">
<msg time="2026-03-08T23:26:02.516526" level="INFO">Current page contains text 'Login'.</msg>
<arg>Login</arg>
<doc>Verifies that current page contains ``text``.</doc>
<status status="PASS" start="2026-03-08T23:26:02.494721" elapsed="0.021971"/>
</kw>
<status status="PASS" start="2026-03-08T23:26:02.494377" elapsed="0.022490"/>
</kw>
<kw name="Input Creds" owner="LoginPage">
<kw name="Input Text" owner="SeleniumLibrary">
<msg time="2026-03-08T23:26:02.518057" level="INFO">Typing text 'samad@vmware.com' into text field 'id=email-id'.</msg>
<arg>${EmailInput}</arg>
<arg>${Email}</arg>
<doc>Types the given ``text`` into the text field identified by ``locator``.</doc>
<status status="PASS" start="2026-03-08T23:26:02.517652" elapsed="0.165813"/>
</kw>
<kw name="Input Text" owner="SeleniumLibrary">
<msg time="2026-03-08T23:26:02.684044" level="INFO">Typing text 'Samad@7203v12' into text field 'xpath=//*[@id="password"]'.</msg>
<arg>${PassInput}</arg>
<arg>${Password}</arg>
<doc>Types the given ``text`` into the text field identified by ``locator``.</doc>
<status status="PASS" start="2026-03-08T23:26:02.683713" elapsed="0.165718"/>
</kw>
<status status="PASS" start="2026-03-08T23:26:02.517200" elapsed="0.332387"/>
</kw>
<kw name="Submit Login" owner="LoginPage">
<kw name="Click Button" owner="SeleniumLibrary">
<msg time="2026-03-08T23:26:02.850396" level="INFO">Clicking button 'id=submit-id'.</msg>
<arg>id=submit-id</arg>
<doc>Clicks the button identified by ``locator``.</doc>
<status status="PASS" start="2026-03-08T23:26:02.850167" elapsed="0.150789"/>
</kw>
<status status="PASS" start="2026-03-08T23:26:02.849833" elapsed="0.151366"/>
</kw>
<kw name="Verify Login" owner="LoginPage">
<kw name="Wait Until Page Contains" owner="SeleniumLibrary">
<arg>Our Happy Customers</arg>
<doc>Waits until ``text`` appears on the current page.</doc>
<status status="PASS" start="2026-03-08T23:26:03.002118" elapsed="0.425808"/>
</kw>
<status status="PASS" start="2026-03-08T23:26:03.001568" elapsed="0.426514"/>
</kw>
<status status="PASS" start="2026-03-08T23:26:01.662394" elapsed="1.765765"/>
</kw>
<kw name="Create New Customer" owner="CRMsite">
<kw name="New Customer" owner="LoginPage">
<kw name="Click Link" owner="SeleniumLibrary">
<msg time="2026-03-08T23:26:03.429823" level="INFO">Clicking link 'New Customer'.</msg>
<arg>New Customer</arg>
<doc>Clicks a link identified by ``locator``.</doc>
<status status="PASS" start="2026-03-08T23:26:03.429608" elapsed="0.669982"/>
</kw>
<status status="PASS" start="2026-03-08T23:26:03.429325" elapsed="0.670455"/>
</kw>
<kw name="Verify Add Customer Page" owner="Newcustomer">
<kw name="Page Should Contain" owner="SeleniumLibrary">
<msg time="2026-03-08T23:26:04.127140" level="INFO">Current page contains text 'Add Customer'.</msg>
<arg>Add Customer</arg>
<doc>Verifies that current page contains ``text``.</doc>
<status status="PASS" start="2026-03-08T23:26:04.100491" elapsed="0.026908"/>
</kw>
<status status="PASS" start="2026-03-08T23:26:04.100075" elapsed="0.027507"/>
</kw>
<kw name="Input Customer Details" owner="Newcustomer">
<kw name="Input Text" owner="SeleniumLibrary">
<msg time="2026-03-08T23:26:04.128699" level="INFO">Typing text 'admin@gmail.com' into text field 'id=EmailAddress'.</msg>
<arg>id=EmailAddress</arg>
<arg>admin@gmail.com</arg>
<doc>Types the given ``text`` into the text field identified by ``locator``.</doc>
<status status="PASS" start="2026-03-08T23:26:04.128407" elapsed="0.185738"/>
</kw>
<kw name="Input Text" owner="SeleniumLibrary">
<msg time="2026-03-08T23:26:04.314779" level="INFO">Typing text 'admin' into text field 'id=FirstName'.</msg>
<arg>id=FirstName</arg>
<arg>admin</arg>
<doc>Types the given ``text`` into the text field identified by ``locator``.</doc>
<status status="PASS" start="2026-03-08T23:26:04.314459" elapsed="0.179874"/>
</kw>
<kw name="Input Text" owner="SeleniumLibrary">
<msg time="2026-03-08T23:26:04.495445" level="INFO">Typing text 'Khan' into text field 'id=LastName'.</msg>
<arg>id=LastName</arg>
<arg>Khan</arg>
<doc>Types the given ``text`` into the text field identified by ``locator``.</doc>
<status status="PASS" start="2026-03-08T23:26:04.494825" elapsed="0.170697"/>
</kw>
<kw name="Input Text" owner="SeleniumLibrary">
<msg time="2026-03-08T23:26:04.666232" level="INFO">Typing text 'NewYork' into text field 'id=City'.</msg>
<arg>id=City</arg>
<arg>NewYork</arg>
<doc>Types the given ``text`` into the text field identified by ``locator``.</doc>
<status status="PASS" start="2026-03-08T23:26:04.665909" elapsed="0.173780"/>
</kw>
<kw name="Select From List By Value" owner="SeleniumLibrary">
<msg time="2026-03-08T23:26:04.840400" level="INFO">Selecting options from selection list 'id=StateOrRegion' by value FL.</msg>
<arg>id=StateOrRegion</arg>
<arg>FL</arg>
<doc>Selects options from selection list ``locator`` by ``values``.</doc>
<status status="PASS" start="2026-03-08T23:26:04.840078" elapsed="0.133918"/>
</kw>
<kw name="Select Radio Button" owner="SeleniumLibrary">
<msg time="2026-03-08T23:26:04.974525" level="INFO">Selecting 'male' from radio button 'gender'.</msg>
<arg>gender</arg>
<arg>male</arg>
<doc>Sets the radio button group ``group_name`` to ``value``.</doc>
<status status="PASS" start="2026-03-08T23:26:04.974264" elapsed="0.158552"/>
</kw>
<kw name="Execute Javascript" owner="SeleniumLibrary">
<msg time="2026-03-08T23:26:05.134056" level="INFO">Executing JavaScript:
window.scrollBy(0,400)
Without any arguments.</msg>
<arg>window.scrollBy(0,400)</arg>
<doc>Executes the given JavaScript code with possible arguments.</doc>
<status status="PASS" start="2026-03-08T23:26:05.133182" elapsed="0.012018"/>
</kw>
<kw name="Select Checkbox" owner="SeleniumLibrary">
<msg time="2026-03-08T23:26:05.145705" level="INFO">Selecting checkbox 'name=promos-name'.</msg>
<arg>name=promos-name</arg>
<doc>Selects the checkbox identified by ``locator``.</doc>
<status status="PASS" start="2026-03-08T23:26:05.145446" elapsed="0.164155"/>
</kw>
<status status="PASS" start="2026-03-08T23:26:04.127923" elapsed="1.181837"/>
</kw>
<kw name="Submit New Customer Details" owner="Newcustomer">
<kw name="Click Button" owner="SeleniumLibrary">
<msg time="2026-03-08T23:26:05.310564" level="INFO">Clicking button 'Submit'.</msg>
<arg>Submit</arg>
<doc>Clicks the button identified by ``locator``.</doc>
<status status="PASS" start="2026-03-08T23:26:05.310349" elapsed="0.525556"/>
</kw>
<status status="PASS" start="2026-03-08T23:26:05.310010" elapsed="0.526204"/>
</kw>
<status status="PASS" start="2026-03-08T23:26:03.428850" elapsed="2.407470"/>
</kw>
<kw name="Verify New Customer created" owner="CRMsite">
<kw name="Verify New Customer Created" owner="Newcustomer">
<kw name="Wait Until Page Contains" owner="SeleniumLibrary">
<arg>Success! New customer added.</arg>
<doc>Waits until ``text`` appears on the current page.</doc>
<status status="PASS" start="2026-03-08T23:26:05.839197" elapsed="0.089318"/>
</kw>
<status status="PASS" start="2026-03-08T23:26:05.838521" elapsed="0.090237"/>
</kw>
<status status="PASS" start="2026-03-08T23:26:05.837261" elapsed="0.091581"/>
</kw>
<kw name="End Web Test" owner="Common" type="TEARDOWN">
<kw name="Close Browser" owner="SeleniumLibrary">
<doc>Closes the current browser.</doc>
<status status="PASS" start="2026-03-08T23:26:05.930088" elapsed="2.507142"/>
</kw>
<status status="PASS" start="2026-03-08T23:26:05.929610" elapsed="2.508009"/>
</kw>
<doc>This some basic Info about suite</doc>
<tag>Addcustomer</tag>
<status status="PASS" start="2026-03-08T23:25:56.476931" elapsed="11.961265"/>
</test>
<doc>This is some basic info about the suite</doc>
<status status="PASS" start="2026-03-08T23:25:45.993288" elapsed="22.446536"/>
</suite>
<statistics>
<total>
<stat pass="2" fail="0" skip="0">All Tests</stat>
</total>
<tag>
<stat pass="1" fail="0" skip="0">Addcustomer</stat>
<stat pass="1" fail="0" skip="0">Signin</stat>
</tag>
<suite>
<stat name="Crm" id="s1" pass="2" fail="0" skip="0">Crm</stat>
</suite>
</statistics>
<errors>
</errors>
</robot>
